# JRE version: OpenJDK Runtime Environment Temurin-21.0.8+9 (21.0.8+9) (build 21.0.8+9-LTS)
# Java VM: OpenJDK 64-Bit Server VM Temurin-21.0.8+9 (21.0.8+9-LTS, mixed mode, sharing, tiered, compressed oops, compressed class ptrs, parallel gc, windows-amd64)
GC Precious Log:
 CardTable entry size: 512
 CPUs: 12 total, 12 available
 Memory: 15706M
 Large Page Support: Disabled
 NUMA Support: Disabled
 Compressed Oops: Enabled (32-bit)
 Alignments: Space 512K, Generation 512K, Heap 2M
 Heap Min Capacity: 100M
 Heap Initial Capacity: 100M
 Heap Max Capacity: 2G
 Pre-touch: Disabled
 Parallel Workers: 10
Heap:
 PSYoungGen      total 3072K, used 2005K [0x00000000d5580000, 0x00000000d5a80000, 0x0000000100000000)
  eden space 2560K, 67% used [0x00000000d5580000,0x00000000d572d7a0,0x00000000d5800000)
  from space 512K, 56% used [0x00000000d5a00000,0x00000000d5a48000,0x00000000d5a80000)
  to   space 512K, 0% used [0x00000000d5800000,0x00000000d5800000,0x00000000d5880000)
 ParOldGen       total 251392K, used 241716K [0x0000000080000000, 0x000000008f580000, 0x00000000d5580000)
  object space 251392K, 96% used [0x0000000080000000,0x000000008ec0d258,0x000000008f580000)
 Metaspace       used 77639K, committed 79168K, reserved 1179648K
  class space    used 9379K, committed 10048K, reserved 1048576K
GC Heap History (20 events):
Event: 4112.072 GC heap before
{Heap before GC invocations=2906 (full 4):
 PSYoungGen      total 3072K, used 2816K [0x00000000d5580000, 0x00000000d5a80000, 0x0000000100000000)
  eden space 2560K, 100% used [0x00000000d5580000,0x00000000d5800000,0x00000000d5800000)
  from space 512K, 50% used [0x00000000d5a00000,0x00000000d5a40000,0x00000000d5a80000)
  to   space 512K, 0% used [0x00000000d5800000,0x00000000d5800000,0x00000000d5880000)
 ParOldGen       total 251392K, used 241620K [0x0000000080000000, 0x000000008f580000, 0x00000000d5580000)
  object space 251392K, 96% used [0x0000000080000000,0x000000008ebf5258,0x000000008f580000)
 Metaspace       used 77614K, committed 79040K, reserved 1179648K
  class space    used 9377K, committed 10048K, reserved 1048576K
}
Event: 4112.076 GC heap after
{Heap after GC invocations=2906 (full 4):
 PSYoungGen      total 3072K, used 224K [0x00000000d5580000, 0x00000000d5a80000, 0x0000000100000000)
  eden space 2560K, 0% used [0x00000000d5580000,0x00000000d5580000,0x00000000d5800000)
  from space 512K, 43% used [0x00000000d5800000,0x00000000d5838000,0x00000000d5880000)
  to   space 512K, 0% used [0x00000000d5a00000,0x00000000d5a00000,0x00000000d5a80000)
 ParOldGen       total 251392K, used 241652K [0x0000000080000000, 0x000000008f580000, 0x00000000d5580000)
  object space 251392K, 96% used [0x0000000080000000,0x000000008ebfd258,0x000000008f580000)
 Metaspace       used 77614K, committed 79040K, reserved 1179648K
  class space    used 9377K, committed 10048K, reserved 1048576K
}
Event: 4196.007 GC heap before
{Heap before GC invocations=2907 (full 4):
 PSYoungGen      total 3072K, used 2783K [0x00000000d5580000, 0x00000000d5a80000, 0x0000000100000000)
  eden space 2560K, 99% used [0x00000000d5580000,0x00000000d57ffff0,0x00000000d5800000)
  from space 512K, 43% used [0x00000000d5800000,0x00000000d5838000,0x00000000d5880000)
  to   space 512K, 0% used [0x00000000d5a00000,0x00000000d5a00000,0x00000000d5a80000)
 ParOldGen       total 251392K, used 241652K [0x0000000080000000, 0x000000008f580000, 0x00000000d5580000)
  object space 251392K, 96% used [0x0000000080000000,0x000000008ebfd258,0x000000008f580000)
 Metaspace       used 77617K, committed 79040K, reserved 1179648K
  class space    used 9377K, committed 10048K, reserved 1048576K
}
Event: 4196.009 GC heap after
{Heap after GC invocations=2907 (full 4):
 PSYoungGen      total 3072K, used 256K [0x00000000d5580000, 0x00000000d5a80000, 0x0000000100000000)
  eden space 2560K, 0% used [0x00000000d5580000,0x00000000d5580000,0x00000000d5800000)
  from space 512K, 50% used [0x00000000d5a00000,0x00000000d5a40000,0x00000000d5a80000)
  to   space 512K, 0% used [0x00000000d5800000,0x00000000d5800000,0x00000000d5880000)
 ParOldGen       total 251392K, used 241668K [0x0000000080000000, 0x000000008f580000, 0x00000000d5580000)
  object space 251392K, 96% used [0x0000000080000000,0x000000008ec01258,0x000000008f580000)
 Metaspace       used 77617K, committed 79040K, reserved 1179648K
  class space    used 9377K, committed 10048K, reserved 1048576K
}
Event: 4307.915 GC heap before
{Heap before GC invocations=2908 (full 4):
 PSYoungGen      total 3072K, used 2816K [0x00000000d5580000, 0x00000000d5a80000, 0x0000000100000000)
  eden space 2560K, 100% used [0x00000000d5580000,0x00000000d5800000,0x00000000d5800000)
  from space 512K, 50% used [0x00000000d5a00000,0x00000000d5a40000,0x00000000d5a80000)
  to   space 512K, 0% used [0x00000000d5800000,0x00000000d5800000,0x00000000d5880000)
 ParOldGen       total 251392K, used 241668K [0x0000000080000000, 0x000000008f580000, 0x00000000d5580000)
  object space 251392K, 96% used [0x0000000080000000,0x000000008ec01258,0x000000008f580000)
 Metaspace       used 77619K, committed 79040K, reserved 1179648K
  class space    used 9377K, committed 10048K, reserved 1048576K
}
Event: 4307.918 GC heap after
{Heap after GC invocations=2908 (full 4):
 PSYoungGen      total 3072K, used 224K [0x00000000d5580000, 0x00000000d5a80000, 0x0000000100000000)
  eden space 2560K, 0% used [0x00000000d5580000,0x00000000d5580000,0x00000000d5800000)
  from space 512K, 43% used [0x00000000d5800000,0x00000000d5838000,0x00000000d5880000)
  to   space 512K, 0% used [0x00000000d5a00000,0x00000000d5a00000,0x00000000d5a80000)
 ParOldGen       total 251392K, used 241668K [0x0000000080000000, 0x000000008f580000, 0x00000000d5580000)
  object space 251392K, 96% used [0x0000000080000000,0x000000008ec01258,0x000000008f580000)
 Metaspace       used 77619K, committed 79040K, reserved 1179648K
  class space    used 9377K, committed 10048K, reserved 1048576K
}
Event: 4457.186 GC heap before
{Heap before GC invocations=2909 (full 4):
 PSYoungGen      total 3072K, used 2784K [0x00000000d5580000, 0x00000000d5a80000, 0x0000000100000000)
  eden space 2560K, 100% used [0x00000000d5580000,0x00000000d5800000,0x00000000d5800000)
  from space 512K, 43% used [0x00000000d5800000,0x00000000d5838000,0x00000000d5880000)
  to   space 512K, 0% used [0x00000000d5a00000,0x00000000d5a00000,0x00000000d5a80000)
 ParOldGen       total 251392K, used 241668K [0x0000000080000000, 0x000000008f580000, 0x00000000d5580000)
  object space 251392K, 96% used [0x0000000080000000,0x000000008ec01258,0x000000008f580000)
 Metaspace       used 77620K, committed 79040K, reserved 1179648K
  class space    used 9377K, committed 10048K, reserved 1048576K
}
Event: 4457.187 GC heap after
{Heap after GC invocations=2909 (full 4):
 PSYoungGen      total 3072K, used 192K [0x00000000d5580000, 0x00000000d5a80000, 0x0000000100000000)
  eden space 2560K, 0% used [0x00000000d5580000,0x00000000d5580000,0x00000000d5800000)
  from space 512K, 37% used [0x00000000d5a00000,0x00000000d5a30000,0x00000000d5a80000)
  to   space 512K, 0% used [0x00000000d5800000,0x00000000d5800000,0x00000000d5880000)
 ParOldGen       total 251392K, used 241668K [0x0000000080000000, 0x000000008f580000, 0x00000000d5580000)
  object space 251392K, 96% used [0x0000000080000000,0x000000008ec01258,0x000000008f580000)
 Metaspace       used 77620K, committed 79040K, reserved 1179648K
  class space    used 9377K, committed 10048K, reserved 1048576K
}
Event: 4588.057 GC heap before
{Heap before GC invocations=2910 (full 4):
 PSYoungGen      total 3072K, used 2752K [0x00000000d5580000, 0x00000000d5a80000, 0x0000000100000000)
  eden space 2560K, 100% used [0x00000000d5580000,0x00000000d5800000,0x00000000d5800000)
  from space 512K, 37% used [0x00000000d5a00000,0x00000000d5a30000,0x00000000d5a80000)
  to   space 512K, 0% used [0x00000000d5800000,0x00000000d5800000,0x00000000d5880000)
 ParOldGen       total 251392K, used 241668K [0x0000000080000000, 0x000000008f580000, 0x00000000d5580000)
  object space 251392K, 96% used [0x0000000080000000,0x000000008ec01258,0x000000008f580000)
 Metaspace       used 77633K, committed 79104K, reserved 1179648K
  class space    used 9379K, committed 10048K, reserved 1048576K
}
Event: 4588.059 GC heap after
{Heap after GC invocations=2910 (full 4):
 PSYoungGen      total 3072K, used 256K [0x00000000d5580000, 0x00000000d5a80000, 0x0000000100000000)
  eden space 2560K, 0% used [0x00000000d5580000,0x00000000d5580000,0x00000000d5800000)
  from space 512K, 50% used [0x00000000d5800000,0x00000000d5840000,0x00000000d5880000)
  to   space 512K, 0% used [0x00000000d5a00000,0x00000000d5a00000,0x00000000d5a80000)
 ParOldGen       total 251392K, used 241668K [0x0000000080000000, 0x000000008f580000, 0x00000000d5580000)
  object space 251392K, 96% used [0x0000000080000000,0x000000008ec01258,0x000000008f580000)
 Metaspace       used 77633K, committed 79104K, reserved 1179648K
  class space    used 9379K, committed 10048K, reserved 1048576K
}
Event: 4727.296 GC heap before
{Heap before GC invocations=2911 (full 4):
 PSYoungGen      total 3072K, used 2816K [0x00000000d5580000, 0x00000000d5a80000, 0x0000000100000000)
  eden space 2560K, 100% used [0x00000000d5580000,0x00000000d5800000,0x00000000d5800000)
  from space 512K, 50% used [0x00000000d5800000,0x00000000d5840000,0x00000000d5880000)
  to   space 512K, 0% used [0x00000000d5a00000,0x00000000d5a00000,0x00000000d5a80000)
 ParOldGen       total 251392K, used 241668K [0x0000000080000000, 0x000000008f580000, 0x00000000d5580000)
  object space 251392K, 96% used [0x0000000080000000,0x000000008ec01258,0x000000008f580000)
 Metaspace       used 77633K, committed 79104K, reserved 1179648K
  class space    used 9379K, committed 10048K, reserved 1048576K
}
Event: 4727.298 GC heap after
{Heap after GC invocations=2911 (full 4):
 PSYoungGen      total 3072K, used 256K [0x00000000d5580000, 0x00000000d5a80000, 0x0000000100000000)
  eden space 2560K, 0% used [0x00000000d5580000,0x00000000d5580000,0x00000000d5800000)
  from space 512K, 50% used [0x00000000d5a00000,0x00000000d5a40000,0x00000000d5a80000)
  to   space 512K, 0% used [0x00000000d5800000,0x00000000d5800000,0x00000000d5880000)
 ParOldGen       total 251392K, used 241716K [0x0000000080000000, 0x000000008f580000, 0x00000000d5580000)
  object space 251392K, 96% used [0x0000000080000000,0x000000008ec0d258,0x000000008f580000)
 Metaspace       used 77633K, committed 79104K, reserved 1179648K
  class space    used 9379K, committed 10048K, reserved 1048576K
}
Event: 4815.883 GC heap before
{Heap before GC invocations=2912 (full 4):
 PSYoungGen      total 3072K, used 2816K [0x00000000d5580000, 0x00000000d5a80000, 0x0000000100000000)
  eden space 2560K, 100% used [0x00000000d5580000,0x00000000d5800000,0x00000000d5800000)
  from space 512K, 50% used [0x00000000d5a00000,0x00000000d5a40000,0x00000000d5a80000)
  to   space 512K, 0% used [0x00000000d5800000,0x00000000d5800000,0x00000000d5880000)
 ParOldGen       total 251392K, used 241716K [0x0000000080000000, 0x000000008f580000, 0x00000000d5580000)
  object space 251392K, 96% used [0x0000000080000000,0x000000008ec0d258,0x000000008f580000)
 Metaspace       used 77633K, committed 79104K, reserved 1179648K
  class space    used 9379K, committed 10048K, reserved 1048576K
}
Event: 4815.886 GC heap after
{Heap after GC invocations=2912 (full 4):
 PSYoungGen      total 3072K, used 224K [0x00000000d5580000, 0x00000000d5a80000, 0x0000000100000000)
  eden space 2560K, 0% used [0x00000000d5580000,0x00000000d5580000,0x00000000d5800000)
  from space 512K, 43% used [0x00000000d5800000,0x00000000d5838000,0x00000000d5880000)
  to   space 512K, 0% used [0x00000000d5a00000,0x00000000d5a00000,0x00000000d5a80000)
 ParOldGen       total 251392K, used 241716K [0x0000000080000000, 0x000000008f580000, 0x00000000d5580000)
  object space 251392K, 96% used [0x0000000080000000,0x000000008ec0d258,0x000000008f580000)
 Metaspace       used 77633K, committed 79104K, reserved 1179648K
  class space    used 9379K, committed 10048K, reserved 1048576K
}
Event: 4868.781 GC heap before
{Heap before GC invocations=2913 (full 4):
 PSYoungGen      total 3072K, used 2784K [0x00000000d5580000, 0x00000000d5a80000, 0x0000000100000000)
  eden space 2560K, 100% used [0x00000000d5580000,0x00000000d5800000,0x00000000d5800000)
  from space 512K, 43% used [0x00000000d5800000,0x00000000d5838000,0x00000000d5880000)
  to   space 512K, 0% used [0x00000000d5a00000,0x00000000d5a00000,0x00000000d5a80000)
 ParOldGen       total 251392K, used 241716K [0x0000000080000000, 0x000000008f580000, 0x00000000d5580000)
  object space 251392K, 96% used [0x0000000080000000,0x000000008ec0d258,0x000000008f580000)
 Metaspace       used 77635K, committed 79104K, reserved 1179648K
  class space    used 9379K, committed 10048K, reserved 1048576K
}
Event: 4868.784 GC heap after
{Heap after GC invocations=2913 (full 4):
 PSYoungGen      total 3072K, used 192K [0x00000000d5580000, 0x00000000d5a80000, 0x0000000100000000)
  eden space 2560K, 0% used [0x00000000d5580000,0x00000000d5580000,0x00000000d5800000)
  from space 512K, 37% used [0x00000000d5a00000,0x00000000d5a30000,0x00000000d5a80000)
  to   space 512K, 0% used [0x00000000d5800000,0x00000000d5800000,0x00000000d5880000)
 ParOldGen       total 251392K, used 241716K [0x0000000080000000, 0x000000008f580000, 0x00000000d5580000)
  object space 251392K, 96% used [0x0000000080000000,0x000000008ec0d258,0x000000008f580000)
 Metaspace       used 77635K, committed 79104K, reserved 1179648K
  class space    used 9379K, committed 10048K, reserved 1048576K
}
Event: 5057.639 GC heap before
{Heap before GC invocations=2914 (full 4):
 PSYoungGen      total 3072K, used 2752K [0x00000000d5580000, 0x00000000d5a80000, 0x0000000100000000)
  eden space 2560K, 100% used [0x00000000d5580000,0x00000000d5800000,0x00000000d5800000)
  from space 512K, 37% used [0x00000000d5a00000,0x00000000d5a30000,0x00000000d5a80000)
  to   space 512K, 0% used [0x00000000d5800000,0x00000000d5800000,0x00000000d5880000)
 ParOldGen       total 251392K, used 241716K [0x0000000080000000, 0x000000008f580000, 0x00000000d5580000)
  object space 251392K, 96% used [0x0000000080000000,0x000000008ec0d258,0x000000008f580000)
 Metaspace       used 77635K, committed 79104K, reserved 1179648K
  class space    used 9379K, committed 10048K, reserved 1048576K
}
Event: 5057.642 GC heap after
{Heap after GC invocations=2914 (full 4):
 PSYoungGen      total 3072K, used 256K [0x00000000d5580000, 0x00000000d5a80000, 0x0000000100000000)
  eden space 2560K, 0% used [0x00000000d5580000,0x00000000d5580000,0x00000000d5800000)
  from space 512K, 50% used [0x00000000d5800000,0x00000000d5840000,0x00000000d5880000)
  to   space 512K, 0% used [0x00000000d5a00000,0x00000000d5a00000,0x00000000d5a80000)
 ParOldGen       total 251392K, used 241716K [0x0000000080000000, 0x000000008f580000, 0x00000000d5580000)
  object space 251392K, 96% used [0x0000000080000000,0x000000008ec0d258,0x000000008f580000)
 Metaspace       used 77635K, committed 79104K, reserved 1179648K
  class space    used 9379K, committed 10048K, reserved 1048576K
}
Event: 5285.392 GC heap before
{Heap before GC invocations=2915 (full 4):
 PSYoungGen      total 3072K, used 2816K [0x00000000d5580000, 0x00000000d5a80000, 0x0000000100000000)
  eden space 2560K, 100% used [0x00000000d5580000,0x00000000d5800000,0x00000000d5800000)
  from space 512K, 50% used [0x00000000d5800000,0x00000000d5840000,0x00000000d5880000)
  to   space 512K, 0% used [0x00000000d5a00000,0x00000000d5a00000,0x00000000d5a80000)
 ParOldGen       total 251392K, used 241716K [0x0000000080000000, 0x000000008f580000, 0x00000000d5580000)
  object space 251392K, 96% used [0x0000000080000000,0x000000008ec0d258,0x000000008f580000)
 Metaspace       used 77639K, committed 79168K, reserved 1179648K
  class space    used 9379K, committed 10048K, reserved 1048576K
}
Event: 5285.393 GC heap after
{Heap after GC invocations=2915 (full 4):
 PSYoungGen      total 3072K, used 288K [0x00000000d5580000, 0x00000000d5a80000, 0x0000000100000000)
  eden space 2560K, 0% used [0x00000000d5580000,0x00000000d5580000,0x00000000d5800000)
  from space 512K, 56% used [0x00000000d5a00000,0x00000000d5a48000,0x00000000d5a80000)
  to   space 512K, 0% used [0x00000000d5800000,0x00000000d5800000,0x00000000d5880000)
 ParOldGen       total 251392K, used 241716K [0x0000000080000000, 0x000000008f580000, 0x00000000d5580000)
  object space 251392K, 96% used [0x0000000080000000,0x000000008ec0d258,0x000000008f580000)
 Metaspace       used 77639K, committed 79168K, reserved 1179648K
  class space    used 9379K, committed 10048K, reserved 1048576K
}

