# JRE version: OpenJDK Runtime Environment Temurin-21.0.8+9 (21.0.8+9) (build 21.0.8+9-LTS)
# Java VM: OpenJDK 64-Bit Server VM Temurin-21.0.8+9 (21.0.8+9-LTS, mixed mode, sharing, tiered, compressed oops, compressed class ptrs, parallel gc, windows-amd64)
GC Precious Log:
 CardTable entry size: 512
 CPUs: 12 total, 12 available
 Memory: 15706M
 Large Page Support: Disabled
 NUMA Support: Disabled
 Compressed Oops: Enabled (32-bit)
 Alignments: Space 512K, Generation 512K, Heap 2M
 Heap Min Capacity: 100M
 Heap Initial Capacity: 100M
 Heap Max Capacity: 2G
 Pre-touch: Disabled
 Parallel Workers: 10
Heap:
 PSYoungGen      total 3072K, used 3040K [0x00000000d5580000, 0x00000000d5c80000, 0x0000000100000000)
  eden space 2048K, 100% used [0x00000000d5580000,0x00000000d5780000,0x00000000d5780000)
  from space 1024K, 96% used [0x00000000d5980000,0x00000000d5a78010,0x00000000d5a80000)
  to   space 2048K, 23% used [0x00000000d5780000,0x00000000d57f8000,0x00000000d5980000)
 ParOldGen       total 278528K, used 278524K [0x0000000080000000, 0x0000000091000000, 0x00000000d5580000)
  object space 278528K, 99% used [0x0000000080000000,0x0000000090fff068,0x0000000091000000)
 Metaspace       used 58316K, committed 59584K, reserved 1114112K
  class space    used 6755K, committed 7296K, reserved 1048576K
GC Heap History (20 events):
Event: 31.703 GC heap after
{Heap after GC invocations=237 (full 3):
 PSYoungGen      total 4096K, used 981K [0x00000000d5580000, 0x00000000d5b80000, 0x0000000100000000)
  eden space 3072K, 0% used [0x00000000d5580000,0x00000000d5580000,0x00000000d5880000)
  from space 1024K, 95% used [0x00000000d5a80000,0x00000000d5b75468,0x00000000d5b80000)
  to   space 1536K, 0% used [0x00000000d5880000,0x00000000d5880000,0x00000000d5a00000)
 ParOldGen       total 269824K, used 269804K [0x0000000080000000, 0x0000000090780000, 0x00000000d5580000)
  object space 269824K, 99% used [0x0000000080000000,0x000000009077b110,0x0000000090780000)
 Metaspace       used 57369K, committed 58688K, reserved 1114112K
  class space    used 6662K, committed 7232K, reserved 1048576K
}
Event: 31.717 GC heap before
{Heap before GC invocations=238 (full 3):
 PSYoungGen      total 4096K, used 3987K [0x00000000d5580000, 0x00000000d5b80000, 0x0000000100000000)
  eden space 3072K, 97% used [0x00000000d5580000,0x00000000d586f900,0x00000000d5880000)
  from space 1024K, 95% used [0x00000000d5a80000,0x00000000d5b75468,0x00000000d5b80000)
  to   space 1536K, 0% used [0x00000000d5880000,0x00000000d5880000,0x00000000d5a00000)
 ParOldGen       total 269824K, used 269804K [0x0000000080000000, 0x0000000090780000, 0x00000000d5580000)
  object space 269824K, 99% used [0x0000000080000000,0x000000009077b110,0x0000000090780000)
 Metaspace       used 57459K, committed 58752K, reserved 1114112K
  class space    used 6677K, committed 7232K, reserved 1048576K
}
Event: 31.719 GC heap after
{Heap after GC invocations=238 (full 3):
 PSYoungGen      total 4608K, used 1055K [0x00000000d5580000, 0x00000000d5b80000, 0x0000000100000000)
  eden space 3072K, 0% used [0x00000000d5580000,0x00000000d5580000,0x00000000d5880000)
  from space 1536K, 68% used [0x00000000d5880000,0x00000000d5987ff0,0x00000000d5a00000)
  to   space 1536K, 0% used [0x00000000d5a00000,0x00000000d5a00000,0x00000000d5b80000)
 ParOldGen       total 270848K, used 270662K [0x0000000080000000, 0x0000000090880000, 0x00000000d5580000)
  object space 270848K, 99% used [0x0000000080000000,0x00000000908518b0,0x0000000090880000)
 Metaspace       used 57459K, committed 58752K, reserved 1114112K
  class space    used 6677K, committed 7232K, reserved 1048576K
}
Event: 31.730 GC heap before
{Heap before GC invocations=239 (full 3):
 PSYoungGen      total 4608K, used 4098K [0x00000000d5580000, 0x00000000d5b80000, 0x0000000100000000)
  eden space 3072K, 99% used [0x00000000d5580000,0x00000000d58788b0,0x00000000d5880000)
  from space 1536K, 68% used [0x00000000d5880000,0x00000000d5987ff0,0x00000000d5a00000)
  to   space 1536K, 0% used [0x00000000d5a00000,0x00000000d5a00000,0x00000000d5b80000)
 ParOldGen       total 270848K, used 270662K [0x0000000080000000, 0x0000000090880000, 0x00000000d5580000)
  object space 270848K, 99% used [0x0000000080000000,0x00000000908518b0,0x0000000090880000)
 Metaspace       used 57622K, committed 58880K, reserved 1114112K
  class space    used 6690K, committed 7232K, reserved 1048576K
}
Event: 31.731 GC heap after
{Heap after GC invocations=239 (full 3):
 PSYoungGen      total 4608K, used 1165K [0x00000000d5580000, 0x00000000d5b80000, 0x0000000100000000)
  eden space 3072K, 0% used [0x00000000d5580000,0x00000000d5580000,0x00000000d5880000)
  from space 1536K, 75% used [0x00000000d5a00000,0x00000000d5b23598,0x00000000d5b80000)
  to   space 1536K, 0% used [0x00000000d5880000,0x00000000d5880000,0x00000000d5a00000)
 ParOldGen       total 271360K, used 271342K [0x0000000080000000, 0x0000000090900000, 0x00000000d5580000)
  object space 271360K, 99% used [0x0000000080000000,0x00000000908fb928,0x0000000090900000)
 Metaspace       used 57622K, committed 58880K, reserved 1114112K
  class space    used 6690K, committed 7232K, reserved 1048576K
}
Event: 31.741 GC heap before
{Heap before GC invocations=240 (full 3):
 PSYoungGen      total 4608K, used 4232K [0x00000000d5580000, 0x00000000d5b80000, 0x0000000100000000)
  eden space 3072K, 99% used [0x00000000d5580000,0x00000000d587ed58,0x00000000d5880000)
  from space 1536K, 75% used [0x00000000d5a00000,0x00000000d5b23598,0x00000000d5b80000)
  to   space 1536K, 0% used [0x00000000d5880000,0x00000000d5880000,0x00000000d5a00000)
 ParOldGen       total 271360K, used 271342K [0x0000000080000000, 0x0000000090900000, 0x00000000d5580000)
  object space 271360K, 99% used [0x0000000080000000,0x00000000908fb928,0x0000000090900000)
 Metaspace       used 57764K, committed 59072K, reserved 1114112K
  class space    used 6697K, committed 7296K, reserved 1048576K
}
Event: 31.743 GC heap after
{Heap after GC invocations=240 (full 3):
 PSYoungGen      total 4608K, used 1169K [0x00000000d5580000, 0x00000000d5b80000, 0x0000000100000000)
  eden space 3072K, 0% used [0x00000000d5580000,0x00000000d5580000,0x00000000d5880000)
  from space 1536K, 76% used [0x00000000d5880000,0x00000000d59a4750,0x00000000d5a00000)
  to   space 1536K, 0% used [0x00000000d5a00000,0x00000000d5a00000,0x00000000d5b80000)
 ParOldGen       total 272384K, used 272366K [0x0000000080000000, 0x0000000090a00000, 0x00000000d5580000)
  object space 272384K, 99% used [0x0000000080000000,0x00000000909fb9d0,0x0000000090a00000)
 Metaspace       used 57764K, committed 59072K, reserved 1114112K
  class space    used 6697K, committed 7296K, reserved 1048576K
}
Event: 31.751 GC heap before
{Heap before GC invocations=241 (full 3):
 PSYoungGen      total 4608K, used 4241K [0x00000000d5580000, 0x00000000d5b80000, 0x0000000100000000)
  eden space 3072K, 100% used [0x00000000d5580000,0x00000000d5880000,0x00000000d5880000)
  from space 1536K, 76% used [0x00000000d5880000,0x00000000d59a4750,0x00000000d5a00000)
  to   space 1536K, 0% used [0x00000000d5a00000,0x00000000d5a00000,0x00000000d5b80000)
 ParOldGen       total 272384K, used 272366K [0x0000000080000000, 0x0000000090a00000, 0x00000000d5580000)
  object space 272384K, 99% used [0x0000000080000000,0x00000000909fb9d0,0x0000000090a00000)
 Metaspace       used 57837K, committed 59136K, reserved 1114112K
  class space    used 6703K, committed 7296K, reserved 1048576K
}
Event: 31.753 GC heap after
{Heap after GC invocations=241 (full 3):
 PSYoungGen      total 4608K, used 1138K [0x00000000d5580000, 0x00000000d5b80000, 0x0000000100000000)
  eden space 3072K, 0% used [0x00000000d5580000,0x00000000d5580000,0x00000000d5880000)
  from space 1536K, 74% used [0x00000000d5a00000,0x00000000d5b1ca20,0x00000000d5b80000)
  to   space 1536K, 0% used [0x00000000d5880000,0x00000000d5880000,0x00000000d5a00000)
 ParOldGen       total 273408K, used 273363K [0x0000000080000000, 0x0000000090b00000, 0x00000000d5580000)
  object space 273408K, 99% used [0x0000000080000000,0x0000000090af4f90,0x0000000090b00000)
 Metaspace       used 57837K, committed 59136K, reserved 1114112K
  class space    used 6703K, committed 7296K, reserved 1048576K
}
Event: 31.762 GC heap before
{Heap before GC invocations=242 (full 3):
 PSYoungGen      total 4608K, used 4210K [0x00000000d5580000, 0x00000000d5b80000, 0x0000000100000000)
  eden space 3072K, 100% used [0x00000000d5580000,0x00000000d5880000,0x00000000d5880000)
  from space 1536K, 74% used [0x00000000d5a00000,0x00000000d5b1ca20,0x00000000d5b80000)
  to   space 1536K, 0% used [0x00000000d5880000,0x00000000d5880000,0x00000000d5a00000)
 ParOldGen       total 273408K, used 273363K [0x0000000080000000, 0x0000000090b00000, 0x00000000d5580000)
  object space 273408K, 99% used [0x0000000080000000,0x0000000090af4f90,0x0000000090b00000)
 Metaspace       used 57846K, committed 59136K, reserved 1114112K
  class space    used 6703K, committed 7296K, reserved 1048576K
}
Event: 31.764 GC heap after
{Heap after GC invocations=242 (full 3):
 PSYoungGen      total 4096K, used 837K [0x00000000d5580000, 0x00000000d5a80000, 0x0000000100000000)
  eden space 3072K, 0% used [0x00000000d5580000,0x00000000d5580000,0x00000000d5880000)
  from space 1024K, 81% used [0x00000000d5880000,0x00000000d5951400,0x00000000d5980000)
  to   space 1024K, 0% used [0x00000000d5980000,0x00000000d5980000,0x00000000d5a80000)
 ParOldGen       total 274432K, used 274387K [0x0000000080000000, 0x0000000090c00000, 0x00000000d5580000)
  object space 274432K, 99% used [0x0000000080000000,0x0000000090bf4d00,0x0000000090c00000)
 Metaspace       used 57846K, committed 59136K, reserved 1114112K
  class space    used 6703K, committed 7296K, reserved 1048576K
}
Event: 31.788 GC heap before
{Heap before GC invocations=243 (full 3):
 PSYoungGen      total 4096K, used 3909K [0x00000000d5580000, 0x00000000d5a80000, 0x0000000100000000)
  eden space 3072K, 100% used [0x00000000d5580000,0x00000000d5880000,0x00000000d5880000)
  from space 1024K, 81% used [0x00000000d5880000,0x00000000d5951400,0x00000000d5980000)
  to   space 1024K, 0% used [0x00000000d5980000,0x00000000d5980000,0x00000000d5a80000)
 ParOldGen       total 274432K, used 274387K [0x0000000080000000, 0x0000000090c00000, 0x00000000d5580000)
  object space 274432K, 99% used [0x0000000080000000,0x0000000090bf4d00,0x0000000090c00000)
 Metaspace       used 57902K, committed 59200K, reserved 1114112K
  class space    used 6709K, committed 7296K, reserved 1048576K
}
Event: 31.789 GC heap after
{Heap after GC invocations=243 (full 3):
 PSYoungGen      total 4096K, used 852K [0x00000000d5580000, 0x00000000d5a80000, 0x0000000100000000)
  eden space 3072K, 0% used [0x00000000d5580000,0x00000000d5580000,0x00000000d5880000)
  from space 1024K, 83% used [0x00000000d5980000,0x00000000d5a55180,0x00000000d5a80000)
  to   space 1024K, 0% used [0x00000000d5880000,0x00000000d5880000,0x00000000d5980000)
 ParOldGen       total 275456K, used 275135K [0x0000000080000000, 0x0000000090d00000, 0x00000000d5580000)
  object space 275456K, 99% used [0x0000000080000000,0x0000000090cafda0,0x0000000090d00000)
 Metaspace       used 57902K, committed 59200K, reserved 1114112K
  class space    used 6709K, committed 7296K, reserved 1048576K
}
Event: 31.802 GC heap before
{Heap before GC invocations=244 (full 3):
 PSYoungGen      total 4096K, used 3924K [0x00000000d5580000, 0x00000000d5a80000, 0x0000000100000000)
  eden space 3072K, 100% used [0x00000000d5580000,0x00000000d5880000,0x00000000d5880000)
  from space 1024K, 83% used [0x00000000d5980000,0x00000000d5a55180,0x00000000d5a80000)
  to   space 1024K, 0% used [0x00000000d5880000,0x00000000d5880000,0x00000000d5980000)
 ParOldGen       total 275456K, used 275135K [0x0000000080000000, 0x0000000090d00000, 0x00000000d5580000)
  object space 275456K, 99% used [0x0000000080000000,0x0000000090cafda0,0x0000000090d00000)
 Metaspace       used 57902K, committed 59200K, reserved 1114112K
  class space    used 6709K, committed 7296K, reserved 1048576K
}
Event: 31.803 GC heap after
{Heap after GC invocations=244 (full 3):
 PSYoungGen      total 4096K, used 870K [0x00000000d5580000, 0x00000000d5a80000, 0x0000000100000000)
  eden space 3072K, 0% used [0x00000000d5580000,0x00000000d5580000,0x00000000d5880000)
  from space 1024K, 85% used [0x00000000d5880000,0x00000000d5959ad8,0x00000000d5980000)
  to   space 1024K, 0% used [0x00000000d5980000,0x00000000d5980000,0x00000000d5a80000)
 ParOldGen       total 275968K, used 275815K [0x0000000080000000, 0x0000000090d80000, 0x00000000d5580000)
  object space 275968K, 99% used [0x0000000080000000,0x0000000090d59e68,0x0000000090d80000)
 Metaspace       used 57902K, committed 59200K, reserved 1114112K
  class space    used 6709K, committed 7296K, reserved 1048576K
}
Event: 31.814 GC heap before
{Heap before GC invocations=245 (full 3):
 PSYoungGen      total 4096K, used 3942K [0x00000000d5580000, 0x00000000d5a80000, 0x0000000100000000)
  eden space 3072K, 100% used [0x00000000d5580000,0x00000000d5880000,0x00000000d5880000)
  from space 1024K, 85% used [0x00000000d5880000,0x00000000d5959ad8,0x00000000d5980000)
  to   space 1024K, 0% used [0x00000000d5980000,0x00000000d5980000,0x00000000d5a80000)
 ParOldGen       total 275968K, used 275815K [0x0000000080000000, 0x0000000090d80000, 0x00000000d5580000)
  object space 275968K, 99% used [0x0000000080000000,0x0000000090d59e68,0x0000000090d80000)
 Metaspace       used 57967K, committed 59264K, reserved 1114112K
  class space    used 6715K, committed 7296K, reserved 1048576K
}
Event: 31.815 GC heap after
{Heap after GC invocations=245 (full 3):
 PSYoungGen      total 4096K, used 821K [0x00000000d5580000, 0x00000000d5a80000, 0x0000000100000000)
  eden space 3072K, 0% used [0x00000000d5580000,0x00000000d5580000,0x00000000d5880000)
  from space 1024K, 80% used [0x00000000d5980000,0x00000000d5a4d478,0x00000000d5a80000)
  to   space 1024K, 0% used [0x00000000d5880000,0x00000000d5880000,0x00000000d5980000)
 ParOldGen       total 276992K, used 276554K [0x0000000080000000, 0x0000000090e80000, 0x00000000d5580000)
  object space 276992K, 99% used [0x0000000080000000,0x0000000090e12b48,0x0000000090e80000)
 Metaspace       used 57967K, committed 59264K, reserved 1114112K
  class space    used 6715K, committed 7296K, reserved 1048576K
}
Event: 31.830 GC heap before
{Heap before GC invocations=246 (full 3):
 PSYoungGen      total 4096K, used 3885K [0x00000000d5580000, 0x00000000d5a80000, 0x0000000100000000)
  eden space 3072K, 99% used [0x00000000d5580000,0x00000000d587e1b0,0x00000000d5880000)
  from space 1024K, 80% used [0x00000000d5980000,0x00000000d5a4d478,0x00000000d5a80000)
  to   space 1024K, 0% used [0x00000000d5880000,0x00000000d5880000,0x00000000d5980000)
 ParOldGen       total 276992K, used 276554K [0x0000000080000000, 0x0000000090e80000, 0x00000000d5580000)
  object space 276992K, 99% used [0x0000000080000000,0x0000000090e12b48,0x0000000090e80000)
 Metaspace       used 58169K, committed 59456K, reserved 1114112K
  class space    used 6736K, committed 7296K, reserved 1048576K
}
Event: 31.832 GC heap after
{Heap after GC invocations=246 (full 3):
 PSYoungGen      total 4096K, used 768K [0x00000000d5580000, 0x00000000d5a80000, 0x0000000100000000)
  eden space 3072K, 0% used [0x00000000d5580000,0x00000000d5580000,0x00000000d5880000)
  from space 1024K, 75% used [0x00000000d5880000,0x00000000d5940000,0x00000000d5980000)
  to   space 1024K, 0% used [0x00000000d5980000,0x00000000d5980000,0x00000000d5a80000)
 ParOldGen       total 277504K, used 277204K [0x0000000080000000, 0x0000000090f00000, 0x00000000d5580000)
  object space 277504K, 99% used [0x0000000080000000,0x0000000090eb5198,0x0000000090f00000)
 Metaspace       used 58169K, committed 59456K, reserved 1114112K
  class space    used 6736K, committed 7296K, reserved 1048576K
}
Event: 31.849 GC heap before
{Heap before GC invocations=247 (full 3):
 PSYoungGen      total 4096K, used 3830K [0x00000000d5580000, 0x00000000d5a80000, 0x0000000100000000)
  eden space 3072K, 99% used [0x00000000d5580000,0x00000000d587d8c0,0x00000000d5880000)
  from space 1024K, 75% used [0x00000000d5880000,0x00000000d5940000,0x00000000d5980000)
  to   space 1024K, 0% used [0x00000000d5980000,0x00000000d5980000,0x00000000d5a80000)
 ParOldGen       total 277504K, used 277204K [0x0000000080000000, 0x0000000090f00000, 0x00000000d5580000)
  object space 277504K, 99% used [0x0000000080000000,0x0000000090eb5198,0x0000000090f00000)
 Metaspace       used 58269K, committed 59584K, reserved 1114112K
  class space    used 6748K, committed 7296K, reserved 1048576K
}

